<?xml version="1.0" encoding="UTF-8"?>
<testng-results ignored="0" total="1" passed="1" failed="0" skipped="0">
  <reporter-output>
  </reporter-output>
  <suite started-at="2025-07-28T21:19:39 IST" name="automation_Test.EndToEndTests_Form" finished-at="2025-07-28T21:20:09 IST" duration-ms="30241">
    <groups>
    </groups>
    <test started-at="2025-07-28T21:19:39 IST" name="Command line test" finished-at="2025-07-28T21:20:09 IST" duration-ms="30241">
      <class name="automation_Test.EndToEndTests_Form">
        <test-method is-config="true" signature="setUp()[pri:0, instance:automation_Test.EndToEndTests_Form@1b45c0e]" started-at="2025-07-28T21:19:39 IST" name="setUp" finished-at="2025-07-28T21:19:39 IST" duration-ms="39" status="PASS">
          <reporter-output>
          </reporter-output>
        </test-method> <!-- setUp -->
        <test-method signature="Execution(java.lang.String,java.lang.String,java.lang.String,java.lang.String,java.lang.String)[pri:0, instance:automation_Test.EndToEndTests_Form@1b45c0e]" started-at="2025-07-28T21:19:39 IST" name="Execution" data-provider="scenarioData" finished-at="2025-07-28T21:20:08 IST" duration-ms="29796" status="PASS">
          <params>
            <param index="0">
              <value>
                <![CDATA[Groww.xlsx]]>
              </value>
            </param>
            <param index="1">
              <value>
                <![CDATA[Login]]>
              </value>
            </param>
            <param index="2">
              <value>
                <![CDATA[chrome]]>
              </value>
            </param>
            <param index="3">
              <value>
                <![CDATA[Groww]]>
              </value>
            </param>
            <param index="4">
              <value>
                <![CDATA[D:\ReactJS\Web_Automation_Framework\TestNG_Automation_1\allure-results\Groww_2025-07-28_21_19_31_486]]>
              </value>
            </param>
          </params>
          <reporter-output>
          </reporter-output>
        </test-method> <!-- Execution -->
      </class> <!-- automation_Test.EndToEndTests_Form -->
    </test> <!-- Command line test -->
  </suite> <!-- automation_Test.EndToEndTests_Form -->
</testng-results>
